Determining if the pthread_create exist failed with the following output:
Change Dir: /home/cam/catkin_ws/build/CMakeFiles/CMakeTmp

Run Build Command:/usr/bin/make "cmTryCompileExec779703054/fast"
/usr/bin/make -f CMakeFiles/cmTryCompileExec779703054.dir/build.make CMakeFiles/cmTryCompileExec779703054.dir/build
make[1]: Entering directory `/home/cam/catkin_ws/build/CMakeFiles/CMakeTmp'
/usr/bin/cmake -E cmake_progress_report /home/cam/catkin_ws/build/CMakeFiles/CMakeTmp/CMakeFiles 1
Building C object CMakeFiles/cmTryCompileExec779703054.dir/CheckSymbolExists.c.o
/usr/bin/cc    -o CMakeFiles/cmTryCompileExec779703054.dir/CheckSymbolExists.c.o   -c /home/cam/catkin_ws/build/CMakeFiles/CMakeTmp/CheckSymbolExists.c
Linking C executable cmTryCompileExec779703054
/usr/bin/cmake -E cmake_link_script CMakeFiles/cmTryCompileExec779703054.dir/link.txt --verbose=1
/usr/bin/cc       CMakeFiles/cmTryCompileExec779703054.dir/CheckSymbolExists.c.o  -o cmTryCompileExec779703054 -rdynamic 
CMakeFiles/cmTryCompileExec779703054.dir/CheckSymbolExists.c.o: In function `main':
CheckSymbolExists.c:(.text+0x16): undefined reference to `pthread_create'
collect2: error: ld returned 1 exit status
make[1]: *** [cmTryCompileExec779703054] Error 1
make[1]: Leaving directory `/home/cam/catkin_ws/build/CMakeFiles/CMakeTmp'
make: *** [cmTryCompileExec779703054/fast] Error 2

File /home/cam/catkin_ws/build/CMakeFiles/CMakeTmp/CheckSymbolExists.c:
/* */
#include <pthread.h>

int main(int argc, char** argv)
{
  (void)argv;
#ifndef pthread_create
  return ((int*)(&pthread_create))[argc];
#else
  (void)argc;
  return 0;
#endif
}

Determining if the function pthread_create exists in the pthreads failed with the following output:
Change Dir: /home/cam/catkin_ws/build/CMakeFiles/CMakeTmp

Run Build Command:/usr/bin/make "cmTryCompileExec3200442839/fast"
/usr/bin/make -f CMakeFiles/cmTryCompileExec3200442839.dir/build.make CMakeFiles/cmTryCompileExec3200442839.dir/build
make[1]: Entering directory `/home/cam/catkin_ws/build/CMakeFiles/CMakeTmp'
/usr/bin/cmake -E cmake_progress_report /home/cam/catkin_ws/build/CMakeFiles/CMakeTmp/CMakeFiles 1
Building C object CMakeFiles/cmTryCompileExec3200442839.dir/CheckFunctionExists.c.o
/usr/bin/cc   -DCHECK_FUNCTION_EXISTS=pthread_create   -o CMakeFiles/cmTryCompileExec3200442839.dir/CheckFunctionExists.c.o   -c /usr/share/cmake-2.8/Modules/CheckFunctionExists.c
Linking C executable cmTryCompileExec3200442839
/usr/bin/cmake -E cmake_link_script CMakeFiles/cmTryCompileExec3200442839.dir/link.txt --verbose=1
/usr/bin/cc   -DCHECK_FUNCTION_EXISTS=pthread_create    CMakeFiles/cmTryCompileExec3200442839.dir/CheckFunctionExists.c.o  -o cmTryCompileExec3200442839 -rdynamic -lpthreads 
/usr/bin/ld: cannot find -lpthreads
collect2: error: ld returned 1 exit status
make[1]: *** [cmTryCompileExec3200442839] Error 1
make[1]: Leaving directory `/home/cam/catkin_ws/build/CMakeFiles/CMakeTmp'
make: *** [cmTryCompileExec3200442839/fast] Error 2


